0 info it worked if it ends with ok
1 verbose cli [ 'C:\\Program Files\\nodejs\\node.exe',
1 verbose cli   'C:\\Users\\Desmond\\AppData\\Roaming\\npm\\node_modules\\npm\\bin\\npm-cli.js',
1 verbose cli   'build',
1 verbose cli   'run' ]
2 info using npm@3.8.0
3 info using node@v4.2.1
4 info build E:\WORK\githubweb\nemcha\run
5 verbose stack Error: ENOENT: no such file or directory, open 'E:\WORK\githubweb\nemcha\run\package.json'
5 verbose stack     at Error (native)
6 verbose cwd E:\WORK\githubweb\nemcha
7 error Windows_NT 6.3.9600
8 error argv "C:\\Program Files\\nodejs\\node.exe" "C:\\Users\\Desmond\\AppData\\Roaming\\npm\\node_modules\\npm\\bin\\npm-cli.js" "build" "run"
9 error node v4.2.1
10 error npm  v3.8.0
11 error path E:\WORK\githubweb\nemcha\run\package.json
12 error code ENOENT
13 error errno -4058
14 error syscall open
15 error enoent ENOENT: no such file or directory, open 'E:\WORK\githubweb\nemcha\run\package.json'
16 error enoent ENOENT: no such file or directory, open 'E:\WORK\githubweb\nemcha\run\package.json'
16 error enoent This is most likely not a problem with npm itself
16 error enoent and is related to npm not being able to find a file.
17 verbose exit [ -4058, true ]
